<?xml version="1.0" encoding="UTF-8"?>
<!-- Generated by org.testng.reporters.JUnitReportReporter -->
<testsuite hostname="Pritam" failures="0" tests="1" name="testCases.VerifyLogin" time="12.639" errors="0" timestamp="2023-10-10T02:00:26 IST" skipped="0">
  <testcase classname="testCases.VerifyLogin" name="VerifyLogin" time="12.639"/>
</testsuite> <!-- testCases.VerifyLogin -->
