<?xml version="1.0" encoding="UTF-8"?>
<!-- Generated by org.testng.reporters.JUnitReportReporter -->
<testsuite hostname="Pritam" failures="0" tests="1" name="testCases.CapturingScreenshot" time="9.259" errors="0" timestamp="2024-01-01T16:46:10 IST" skipped="0">
  <testcase classname="testCases.CapturingScreenshot" name="capturingScreenshot" time="9.259"/>
</testsuite> <!-- testCases.CapturingScreenshot -->
