<?xml version="1.0" encoding="UTF-8"?>
<!-- Generated by org.testng.reporters.JUnitReportReporter -->
<testsuite hostname="Pritam" failures="0" tests="1" name="testCases.HandlingExcel" time="1.000" errors="0" timestamp="2023-10-01T02:37:03 IST" skipped="0">
  <testcase classname="testCases.HandlingExcel" name="excelHandling" time="1.000"/>
</testsuite> <!-- testCases.HandlingExcel -->
