<?xml version="1.0" encoding="UTF-8"?>
<!-- Generated by org.testng.reporters.JUnitReportReporter -->
<testsuite hostname="Pritam" failures="0" tests="1" name="testCases.HandlingExcel2" time="10.223" errors="0" timestamp="2024-01-01T14:39:21 IST" skipped="0">
  <testcase classname="testCases.HandlingExcel2" name="excelhandling" time="10.223"/>
</testsuite> <!-- testCases.HandlingExcel2 -->
