<?xml version="1.0" encoding="UTF-8"?>
<!-- Generated by org.testng.reporters.JUnitReportReporter -->
<testsuite hostname="Pritam" failures="0" tests="1" name="testCases.PartialScreenShot" time="10.892" errors="0" timestamp="2023-10-05T01:50:37 IST" skipped="0">
  <testcase classname="testCases.PartialScreenShot" name="capturingPartialSS" time="10.892"/>
</testsuite> <!-- testCases.PartialScreenShot -->
