<?xml version="1.0" encoding="UTF-8"?>
<!-- Generated by org.testng.reporters.JUnitReportReporter -->
<testsuite hostname="Pritam" failures="0" tests="1" name="testCases.HandlingExcell" time="1.062" errors="0" timestamp="2023-10-04T00:43:35 IST" skipped="0">
  <testcase classname="testCases.HandlingExcell" name="excelHandling" time="1.062"/>
</testsuite> <!-- testCases.HandlingExcell -->
