<?xml version="1.0" encoding="UTF-8"?>
<!-- Generated by org.testng.reporters.JUnitReportReporter -->
<testsuite hostname="Pritam" failures="0" tests="1" name="testCases.VerifySignUpPage" time="16.528" errors="0" timestamp="2023-10-11T02:12:51 IST" skipped="0">
  <testcase classname="testCases.VerifySignUpPage" name="VerifySignUp" time="16.528"/>
</testsuite> <!-- testCases.VerifySignUpPage -->
