<?xml version="1.0" encoding="UTF-8"?>
<!-- Generated by org.testng.reporters.JUnitReportReporter -->
<testsuite hostname="Pritam" failures="0" tests="1" name="testCases.Screenshot" time="13.008" errors="0" timestamp="2023-10-05T00:18:13 IST" skipped="0">
  <testcase classname="testCases.Screenshot" name="capturingScrnshot" time="13.008"/>
</testsuite> <!-- testCases.Screenshot -->
