<?xml version="1.0" encoding="UTF-8"?>
<!-- Generated by org.testng.reporters.JUnitReportReporter -->
<testsuite hostname="Pritam" failures="0" tests="1" name="testCases.B" time="0.011" errors="0" timestamp="2023-10-18T23:18:24 IST" skipped="0">
  <testcase classname="testCases.B" name="M1" time="0.011"/>
</testsuite> <!-- testCases.B -->
